Using pre-set license
Built from '2021.2/staging' branch; Version is '2021.2.19f1 (602ecdbb2fb0) revision 6303437'; Using compiler version '192829333'; Build Type 'Release'
OS: 'Windows 10  (10.0.19044) 64bit Professional' Language: 'es' Physical Memory: 32719 MB
BatchMode: 1, IsHumanControllingUs: 0, StartBugReporterOnCrash: 0, Is64bit: 1, IsPro: 1

COMMAND LINE ARGUMENTS:
C:\Program Files\Unity\Hub\Editor\2021.2.19f1\Editor\Unity.exe
-adb2
-batchMode
-noUpm
-name
AssetImportWorker125
-projectPath
D:/juegosUnity/inteligenciaArtificial/Inteligencia Artificial Con Patrullaje
-logFile
Logs/AssetImportWorker125.log
-srvPort
65014
Successfully changed project path to: D:/juegosUnity/inteligenciaArtificial/Inteligencia Artificial Con Patrullaje
D:/juegosUnity/inteligenciaArtificial/Inteligencia Artificial Con Patrullaje
[UnityMemory] Configuration Parameters - Can be set up in boot.config
    "memorysetup-bucket-allocator-granularity=16"
    "memorysetup-bucket-allocator-bucket-count=8"
    "memorysetup-bucket-allocator-block-size=33554432"
    "memorysetup-bucket-allocator-block-count=8"
    "memorysetup-main-allocator-block-size=16777216"
    "memorysetup-thread-allocator-block-size=16777216"
    "memorysetup-gfx-main-allocator-block-size=16777216"
    "memorysetup-gfx-thread-allocator-block-size=16777216"
    "memorysetup-cache-allocator-block-size=4194304"
    "memorysetup-typetree-allocator-block-size=2097152"
    "memorysetup-profiler-bucket-allocator-granularity=16"
    "memorysetup-profiler-bucket-allocator-bucket-count=8"
    "memorysetup-profiler-bucket-allocator-block-size=33554432"
    "memorysetup-profiler-bucket-allocator-block-count=8"
    "memorysetup-profiler-allocator-block-size=16777216"
    "memorysetup-profiler-editor-allocator-block-size=1048576"
    "memorysetup-temp-allocator-size-main=16777216"
    "memorysetup-job-temp-allocator-block-size=2097152"
    "memorysetup-job-temp-allocator-block-size-background=1048576"
    "memorysetup-job-temp-allocator-reduction-small-platforms=262144"
    "memorysetup-temp-allocator-size-background-worker=32768"
    "memorysetup-temp-allocator-size-job-worker=262144"
    "memorysetup-temp-allocator-size-preload-manager=33554432"
    "memorysetup-temp-allocator-size-nav-mesh-worker=65536"
    "memorysetup-temp-allocator-size-audio-worker=65536"
    "memorysetup-temp-allocator-size-cloud-worker=32768"
    "memorysetup-temp-allocator-size-gi-baking-worker=262144"
    "memorysetup-temp-allocator-size-gfx=262144"
mdb reader table full -> cleaning up stale readers. Current readers:
    pid     thread     txnid
     77500 fc5c -
     77684 11d7c -
     79164 10f50 -
     16832 fd90 -
     39620 79ec -
     73308 12a18 -
     76156 102f4 -
     73044 12a84 -
     70680 10414 -
     67372 e60c -
     59540 12ba0 -
     71592 13270 -
     65420 f8f4 -
     60092 d0e8 -
     66808 dce4 -
     57988 a4b4 -
     47644 e41c -
     47400 134e8 -
     20448 b348 -
      5468 132e0 -
     59248 a4c8 -
     46556 da50 -
     48980 105d8 -
     57352 a4dc -
     50276 b408 -
     62992 f940 -
     13712 94fc -
     59476 12154 -
     11900 13120 -
     12444 11f28 -
     66248 10ce4 -
     55816 ec10 -
     48768 12830 -
     59108 12a28 -
     56212 c288 -
     62060 1182c -
     68176 e3d8 -
     46392 abe0 -
     63064 13094 -
     65808 d0d8 -
     76736 91a8 -
     47212 f164 -
     72724 e26c -
     31388 c2dc -
     63644 e8a8 -
     70120 11e90 -
     62684 12c98 -
     68336 fc84 -
     26900 fe18 -
     78396 12910 -
     62400 10830 -
     20992 106e8 -
     68408 d1a8 -
     24428 129a8 -
     39232 ad54 -
     66540 f8d0 -
     63240 c248 -
     63824 8c90 -
     43780 10604 -
     73244 115c0 -
     55784 8734 -
     65928 bb7c -
     49724 b9bc -
     26976 cf74 -
     67876 fac0 -
     68112 e358 -
     76804 11c08 -
     64208 98d8 -
     69272 6d28 -
     16872 e918 -
     64728 aff4 -
     44504 108d8 -
     41552 f504 -
     48352 ebfc -
     44304 433c -
     62772 11ab4 -
     45716 105cc -
     67668 11e24 -
     71028 cefc -
     63020 4074 -
     64720 56b8 -
     75872 eab0 -
     63784 f05c -
     73860 d100 -
     63780 11788 -
     59460 13754 -
     31380 d508 -
     42332 b9a8 -
     75368 b414 -
     71064 cd14 -
     64900 ecb4 -
     10100 d4ec -
     35836 8f2c -
     58600 134d0 -
     76588 af50 -
     44968 d25c -
     79004 cc68 -
     66116 d2f0 -
     57536 11d08 -
     59788 11d0c -
     62928 c998 -
     50656 11c98 -
     63352 d49c -
     64468 d28c -
     25352 13720 -
     52676 10cf8 -
     63048 1071c -
     42732 7468 -
     67080 9b18 -
     59068 fb60 -
     21824 2540 -
     68616 33c8 -
     66168 5edc -
     69956 bd68 -
     19596 ac14 -
     67980 fd04 -
     26584 8c34 -
     63744 11c84 -
     46720 10668 -
     63336 12ed0 -
     45648 c90c -
     57708 b504 -
     46252 11668 -
     67048 1358c -
     42628 bfbc -
     62388 a4d8 -
Cleaned out 124 stale readers
Refreshing native plugins compatible for Editor in 95.12 ms, found 3 plugins.
Preloading 0 native plugins for Editor in 0.00 ms.
Initialize engine version: 2021.2.19f1 (602ecdbb2fb0)
[Subsystems] Discovering subsystems at path C:/Program Files/Unity/Hub/Editor/2021.2.19f1/Editor/Data/Resources/UnitySubsystems
[Subsystems] Discovering subsystems at path D:/juegosUnity/inteligenciaArtificial/Inteligencia Artificial Con Patrullaje/Assets
GfxDevice: creating device client; threaded=0; jobified=0
Direct3D:
    Version:  Direct3D 11.0 [level 11.1]
    Renderer: Radeon RX550/550 Series (ID=0x67ff)
    Vendor:   ATI
    VRAM:     4075 MB
    Driver:   30.0.13023.4001
Initialize mono
Mono path[0] = 'C:/Program Files/Unity/Hub/Editor/2021.2.19f1/Editor/Data/Managed'
Mono path[1] = 'C:/Program Files/Unity/Hub/Editor/2021.2.19f1/Editor/Data/MonoBleedingEdge/lib/mono/unityjit-win32'
Mono config path = 'C:/Program Files/Unity/Hub/Editor/2021.2.19f1/Editor/Data/MonoBleedingEdge/etc'
Using monoOptions --debugger-agent=transport=dt_socket,embedding=1,server=y,suspend=n,address=127.0.0.1:56564
Begin MonoManager ReloadAssembly
Registering precompiled unity dll's ...
Register platform support module: C:/Program Files/Unity/Hub/Editor/2021.2.19f1/Editor/Data/PlaybackEngines/AndroidPlayer/UnityEditor.Android.Extensions.dll
Register platform support module: C:/Program Files/Unity/Hub/Editor/2021.2.19f1/Editor/Data/PlaybackEngines/WindowsStandaloneSupport/UnityEditor.WindowsStandalone.Extensions.dll
Registered in 0.009545 seconds.
Native extension for WindowsStandalone target not found
Native extension for Android target not found
Refreshing native plugins compatible for Editor in 85.57 ms, found 3 plugins.
Preloading 0 native plugins for Editor in 0.00 ms.
Mono: successfully reloaded assembly
- Completed reload, in  0.659 seconds
Domain Reload Profiling:
	ReloadAssembly (660ms)
		BeginReloadAssembly (72ms)
			ExecutionOrderSort (0ms)
			DisableScriptedObjects (0ms)
			BackupInstance (0ms)
			ReleaseScriptingObjects (0ms)
			CreateAndSetChildDomain (1ms)
		EndReloadAssembly (474ms)
			LoadAssemblies (70ms)
			RebuildTransferFunctionScriptingTraits (0ms)
			SetupTypeCache (102ms)
			ReleaseScriptCaches (0ms)
			RebuildScriptCaches (33ms)
			SetupLoadedEditorAssemblies (292ms)
				LogAssemblyErrors (0ms)
				InitializePlatformSupportModulesInManaged (59ms)
				SetLoadedEditorAssemblies (0ms)
				RefreshPlugins (86ms)
				BeforeProcessingInitializeOnLoad (1ms)
				ProcessInitializeOnLoadAttributes (98ms)
				ProcessInitializeOnLoadMethodAttributes (48ms)
				AfterProcessingInitializeOnLoad (0ms)
				EditorAssembliesLoaded (0ms)
			ExecutionOrderSort2 (0ms)
			AwakeInstancesAfterBackupRestoration (0ms)
Platform modules already initialized, skipping
Registering precompiled user dll's ...
Registered in 0.003460 seconds.
Begin MonoManager ReloadAssembly
Symbol file LoadedFromMemory doesn't match image D:\juegosUnity\inteligenciaArtificial\Inteligencia Artificial Con Patrullaje\Library\PackageCache\com.unity.visualscripting@1.7.6\Editor\VisualScripting.Core\Dependencies\YamlDotNet\Unity.VisualScripting.YamlDotNet.dll
Symbol file LoadedFromMemory is not a mono symbol file
Symbol file LoadedFromMemory doesn't match image D:\juegosUnity\inteligenciaArtificial\Inteligencia Artificial Con Patrullaje\Library\PackageCache\com.unity.visualscripting@1.7.6\Editor\VisualScripting.Core\Dependencies\DotNetZip\Unity.VisualScripting.IonicZip.dll
Native extension for WindowsStandalone target not found
Native extension for Android target not found
Refreshing native plugins compatible for Editor in 0.92 ms, found 3 plugins.
Preloading 0 native plugins for Editor in 0.00 ms.
Mono: successfully reloaded assembly
- Completed reload, in  1.112 seconds
Domain Reload Profiling:
	ReloadAssembly (1113ms)
		BeginReloadAssembly (233ms)
			ExecutionOrderSort (0ms)
			DisableScriptedObjects (5ms)
			BackupInstance (0ms)
			ReleaseScriptingObjects (0ms)
			CreateAndSetChildDomain (136ms)
		EndReloadAssembly (770ms)
			LoadAssemblies (80ms)
			RebuildTransferFunctionScriptingTraits (0ms)
			SetupTypeCache (251ms)
			ReleaseScriptCaches (1ms)
			RebuildScriptCaches (53ms)
			SetupLoadedEditorAssemblies (344ms)
				LogAssemblyErrors (0ms)
				InitializePlatformSupportModulesInManaged (16ms)
				SetLoadedEditorAssemblies (0ms)
				RefreshPlugins (1ms)
				BeforeProcessingInitializeOnLoad (89ms)
				ProcessInitializeOnLoadAttributes (204ms)
				ProcessInitializeOnLoadMethodAttributes (24ms)
				AfterProcessingInitializeOnLoad (10ms)
				EditorAssembliesLoaded (0ms)
			ExecutionOrderSort2 (0ms)
			AwakeInstancesAfterBackupRestoration (5ms)
Platform modules already initialized, skipping
